[debug] [2022-05-09T17:19:37.001Z] ----------------------------------------------------------------------
[debug] [2022-05-09T17:19:37.003Z] Command:       C:\Program Files\nodejs\node.exe C:\Users\User\AppData\Roaming\npm\node_modules\firebase-tools\lib\bin\firebase.js init
[debug] [2022-05-09T17:19:37.004Z] CLI Version:   10.7.1
[debug] [2022-05-09T17:19:37.004Z] Platform:      win32
[debug] [2022-05-09T17:19:37.004Z] Node Version:  v16.14.2
[debug] [2022-05-09T17:19:37.012Z] Time:          Mon May 09 2022 23:19:37 GMT+0600 (Bangladesh Standard Time)
[debug] [2022-05-09T17:19:37.012Z] ----------------------------------------------------------------------
[debug] 
[debug] [2022-05-09T17:19:37.015Z] >>> [apiv2][query] GET https://firebase-public.firebaseio.com/cli.json [none]
[debug] [2022-05-09T17:19:37.037Z] > command requires scopes: ["email","openid","https://www.googleapis.com/auth/cloudplatformprojects.readonly","https://www.googleapis.com/auth/firebase","https://www.googleapis.com/auth/cloud-platform"]
[debug] [2022-05-09T17:19:37.037Z] > authorizing via signed-in user (ahmednaim353@gmail.com)
[info] 
     ######## #### ########  ######## ########     ###     ######  ########
     ##        ##  ##     ## ##       ##     ##  ##   ##  ##       ##
     ######    ##  ########  ######   ########  #########  ######  ######
     ##        ##  ##    ##  ##       ##     ## ##     ##       ## ##
     ##       #### ##     ## ######## ########  ##     ##  ######  ########

You're about to initialize a Firebase project in this directory:

  F:\assignment-11

[debug] [2022-05-09T17:19:38.105Z] <<< [apiv2][status] GET https://firebase-public.firebaseio.com/cli.json 200
[debug] [2022-05-09T17:19:38.105Z] <<< [apiv2][body] GET https://firebase-public.firebaseio.com/cli.json {"cloudBuildErrorAfter":1594252800000,"cloudBuildWarnAfter":1590019200000,"defaultNode10After":1594252800000,"minVersion":"3.0.5","node8DeploysDisabledAfter":1613390400000,"node8RuntimeDisabledAfter":1615809600000,"node8WarnAfter":1600128000000}
